[2025-01-11 11:08:39Z INFO HostContext] No proxy settings were found based on environmental variables (http_proxy/https_proxy/HTTP_PROXY/HTTPS_PROXY)
[2025-01-11 11:08:39Z INFO HostContext] Well known directory 'Bin': '/home/soha/Documents/Coursera_embedded_Linux/assignment-1-Soha18/bin'
[2025-01-11 11:08:39Z INFO HostContext] Well known directory 'Root': '/home/soha/Documents/Coursera_embedded_Linux/assignment-1-Soha18'
[2025-01-11 11:08:39Z INFO HostContext] Well known config file 'Credentials': '/home/soha/Documents/Coursera_embedded_Linux/assignment-1-Soha18/.credentials'
[2025-01-11 11:08:39Z INFO HostContext] Well known directory 'Bin': '/home/soha/Documents/Coursera_embedded_Linux/assignment-1-Soha18/bin'
[2025-01-11 11:08:39Z INFO HostContext] Well known directory 'Root': '/home/soha/Documents/Coursera_embedded_Linux/assignment-1-Soha18'
[2025-01-11 11:08:39Z INFO HostContext] Well known config file 'Runner': '/home/soha/Documents/Coursera_embedded_Linux/assignment-1-Soha18/.runner'
[2025-01-11 11:08:39Z INFO Listener] Runner is built for Linux (X64) - linux-x64.
[2025-01-11 11:08:39Z INFO Listener] RuntimeInformation: Ubuntu 22.04.5 LTS.
[2025-01-11 11:08:39Z INFO Listener] Version: 2.321.0
[2025-01-11 11:08:39Z INFO Listener] Commit: e249007931b7c8e857797fa259c167f0bd4f997a
[2025-01-11 11:08:39Z INFO Listener] Culture: en-US
[2025-01-11 11:08:39Z INFO Listener] UI Culture: en-US
[2025-01-11 11:08:39Z INFO HostContext] Well known directory 'Bin': '/home/soha/Documents/Coursera_embedded_Linux/assignment-1-Soha18/bin'
[2025-01-11 11:08:39Z INFO HostContext] Well known directory 'Root': '/home/soha/Documents/Coursera_embedded_Linux/assignment-1-Soha18'
[2025-01-11 11:08:39Z INFO Listener] Validating directory permissions for: '/home/soha/Documents/Coursera_embedded_Linux/assignment-1-Soha18'
[2025-01-11 11:08:39Z INFO CommandLineParser] Parse
[2025-01-11 11:08:39Z INFO CommandLineParser] Parsing 3 args
[2025-01-11 11:08:39Z INFO CommandLineParser] parsing argument
[2025-01-11 11:08:39Z INFO CommandLineParser] HasArgs: False
[2025-01-11 11:08:39Z INFO CommandLineParser] Adding Command: remove
[2025-01-11 11:08:39Z INFO CommandLineParser] parsing argument
[2025-01-11 11:08:39Z INFO CommandLineParser] HasArgs: True
[2025-01-11 11:08:39Z INFO CommandLineParser] arg: token
[2025-01-11 11:08:39Z INFO CommandLineParser] parsing argument
[2025-01-11 11:08:39Z INFO CommandLineParser] HasArgs: True
[2025-01-11 11:08:39Z INFO CommandLineParser] Adding option 'token': '***'
[2025-01-11 11:08:39Z INFO Listener] Arguments parsed
[2025-01-11 11:08:39Z INFO Runner] ExecuteCommand
[2025-01-11 11:08:39Z INFO ConfigurationStore] currentAssemblyLocation: /home/soha/Documents/Coursera_embedded_Linux/assignment-1-Soha18/bin/Runner.Listener.dll
[2025-01-11 11:08:39Z INFO HostContext] Well known directory 'Bin': '/home/soha/Documents/Coursera_embedded_Linux/assignment-1-Soha18/bin'
[2025-01-11 11:08:39Z INFO ConfigurationStore] binPath: /home/soha/Documents/Coursera_embedded_Linux/assignment-1-Soha18/bin
[2025-01-11 11:08:39Z INFO HostContext] Well known directory 'Bin': '/home/soha/Documents/Coursera_embedded_Linux/assignment-1-Soha18/bin'
[2025-01-11 11:08:39Z INFO HostContext] Well known directory 'Root': '/home/soha/Documents/Coursera_embedded_Linux/assignment-1-Soha18'
[2025-01-11 11:08:39Z INFO ConfigurationStore] RootFolder: /home/soha/Documents/Coursera_embedded_Linux/assignment-1-Soha18
[2025-01-11 11:08:39Z INFO HostContext] Well known directory 'Bin': '/home/soha/Documents/Coursera_embedded_Linux/assignment-1-Soha18/bin'
[2025-01-11 11:08:39Z INFO HostContext] Well known directory 'Root': '/home/soha/Documents/Coursera_embedded_Linux/assignment-1-Soha18'
[2025-01-11 11:08:39Z INFO HostContext] Well known config file 'Runner': '/home/soha/Documents/Coursera_embedded_Linux/assignment-1-Soha18/.runner'
[2025-01-11 11:08:39Z INFO ConfigurationStore] ConfigFilePath: /home/soha/Documents/Coursera_embedded_Linux/assignment-1-Soha18/.runner
[2025-01-11 11:08:39Z INFO HostContext] Well known directory 'Bin': '/home/soha/Documents/Coursera_embedded_Linux/assignment-1-Soha18/bin'
[2025-01-11 11:08:39Z INFO HostContext] Well known directory 'Root': '/home/soha/Documents/Coursera_embedded_Linux/assignment-1-Soha18'
[2025-01-11 11:08:39Z INFO HostContext] Well known config file 'Credentials': '/home/soha/Documents/Coursera_embedded_Linux/assignment-1-Soha18/.credentials'
[2025-01-11 11:08:39Z INFO ConfigurationStore] CredFilePath: /home/soha/Documents/Coursera_embedded_Linux/assignment-1-Soha18/.credentials
[2025-01-11 11:08:39Z INFO HostContext] Well known directory 'Bin': '/home/soha/Documents/Coursera_embedded_Linux/assignment-1-Soha18/bin'
[2025-01-11 11:08:39Z INFO HostContext] Well known directory 'Root': '/home/soha/Documents/Coursera_embedded_Linux/assignment-1-Soha18'
[2025-01-11 11:08:39Z INFO HostContext] Well known config file 'MigratedCredentials': '/home/soha/Documents/Coursera_embedded_Linux/assignment-1-Soha18/.credentials_migrated'
[2025-01-11 11:08:39Z INFO ConfigurationStore] MigratedCredFilePath: /home/soha/Documents/Coursera_embedded_Linux/assignment-1-Soha18/.credentials_migrated
[2025-01-11 11:08:39Z INFO HostContext] Well known directory 'Bin': '/home/soha/Documents/Coursera_embedded_Linux/assignment-1-Soha18/bin'
[2025-01-11 11:08:39Z INFO HostContext] Well known directory 'Root': '/home/soha/Documents/Coursera_embedded_Linux/assignment-1-Soha18'
[2025-01-11 11:08:39Z INFO HostContext] Well known config file 'Service': '/home/soha/Documents/Coursera_embedded_Linux/assignment-1-Soha18/.service'
[2025-01-11 11:08:39Z INFO ConfigurationStore] ServiceConfigFilePath: /home/soha/Documents/Coursera_embedded_Linux/assignment-1-Soha18/.service
[2025-01-11 11:08:39Z INFO CommandSettings] Flag 'help': 'False'
[2025-01-11 11:08:39Z INFO CommandSettings] Flag 'version': 'False'
[2025-01-11 11:08:39Z INFO CommandSettings] Flag 'commit': 'False'
[2025-01-11 11:08:39Z INFO CommandSettings] Flag 'check': 'False'
[2025-01-11 11:08:39Z INFO CommandSettings] Command 'configure': 'False'
[2025-01-11 11:08:39Z INFO CommandSettings] Command 'remove': 'True'
[2025-01-11 11:08:39Z INFO CommandSettings] Flag 'local': 'False'
[2025-01-11 11:08:39Z INFO ConfigurationStore] IsServiceConfigured()
[2025-01-11 11:08:39Z INFO ConfigurationStore] IsServiceConfigured: False
[2025-01-11 11:08:39Z INFO ConfigurationStore] IsConfigured()
[2025-01-11 11:08:39Z INFO ConfigurationStore] IsConfigured: True
[2025-01-11 11:08:39Z INFO ConfigurationStore] HasCredentials()
[2025-01-11 11:08:39Z INFO ConfigurationStore] stored True
[2025-01-11 11:08:39Z INFO ConfigurationStore] Read setting file: 318 chars
[2025-01-11 11:08:39Z INFO CommandSettings] Arg 'token': '***'
[2025-01-11 11:08:39Z INFO CommandSettings] Remove token from Arg dictionary.
[2025-01-11 11:08:39Z INFO ConfigurationManager] Http response code: OK from 'POST https://api.github.com/actions/runner-registration' (F30F:19C59E:6BA4455:6E386B0:67825137)
[2025-01-11 11:08:39Z INFO ConfigurationManager] cred retrieved via GitHub auth
[2025-01-11 11:08:39Z INFO RunnerServer] EstablishVssConnection
[2025-01-11 11:08:39Z INFO RunnerServer] Establish connection with 100 seconds timeout.
[2025-01-11 11:08:39Z INFO GitHubActionsService] Starting operation Location.GetConnectionData
[2025-01-11 11:08:39Z INFO RunnerServer] EstablishVssConnection
[2025-01-11 11:08:39Z INFO RunnerServer] Establish connection with 60 seconds timeout.
[2025-01-11 11:08:39Z INFO GitHubActionsService] Starting operation Location.GetConnectionData
[2025-01-11 11:08:39Z INFO RunnerServer] EstablishVssConnection
[2025-01-11 11:08:39Z INFO RunnerServer] Establish connection with 60 seconds timeout.
[2025-01-11 11:08:39Z INFO GitHubActionsService] Starting operation Location.GetConnectionData
[2025-01-11 11:08:40Z INFO GitHubActionsService] Finished operation Location.GetConnectionData
[2025-01-11 11:08:40Z INFO GitHubActionsService] Finished operation Location.GetConnectionData
[2025-01-11 11:08:40Z INFO GitHubActionsService] Finished operation Location.GetConnectionData
[2025-01-11 11:08:41Z INFO Terminal] WRITE LINE: 
[2025-01-11 11:08:41Z INFO ConfigurationStore] IsConfigured()
[2025-01-11 11:08:41Z INFO ConfigurationStore] IsConfigured: True
[2025-01-11 11:08:41Z INFO ConfigurationStore] HasCredentials()
[2025-01-11 11:08:41Z INFO ConfigurationStore] stored True
[2025-01-11 11:08:41Z INFO HostContext] Well known directory 'Bin': '/home/soha/Documents/Coursera_embedded_Linux/assignment-1-Soha18/bin'
[2025-01-11 11:08:41Z INFO HostContext] Well known directory 'Root': '/home/soha/Documents/Coursera_embedded_Linux/assignment-1-Soha18'
[2025-01-11 11:08:41Z INFO HostContext] Well known config file 'RSACredentials': '/home/soha/Documents/Coursera_embedded_Linux/assignment-1-Soha18/.credentials_rsaparams'
[2025-01-11 11:08:41Z INFO RSAFileKeyManager] Deleting RSA key parameters file /home/soha/Documents/Coursera_embedded_Linux/assignment-1-Soha18/.credentials_rsaparams
[2025-01-11 11:08:41Z INFO Terminal] WRITE LINE: 
[2025-01-11 11:08:41Z INFO Listener] Runner execution has finished with return code 0
