[2025-01-10 21:47:41Z INFO HostContext] No proxy settings were found based on environmental variables (http_proxy/https_proxy/HTTP_PROXY/HTTPS_PROXY)
[2025-01-10 21:47:41Z INFO HostContext] Well known directory 'Bin': '/home/soha/Documents/Coursera_embedded_Linux/assignment-1-Soha18/bin'
[2025-01-10 21:47:41Z INFO HostContext] Well known directory 'Root': '/home/soha/Documents/Coursera_embedded_Linux/assignment-1-Soha18'
[2025-01-10 21:47:41Z INFO HostContext] Well known config file 'Credentials': '/home/soha/Documents/Coursera_embedded_Linux/assignment-1-Soha18/.credentials'
[2025-01-10 21:47:41Z INFO HostContext] Well known directory 'Bin': '/home/soha/Documents/Coursera_embedded_Linux/assignment-1-Soha18/bin'
[2025-01-10 21:47:41Z INFO HostContext] Well known directory 'Root': '/home/soha/Documents/Coursera_embedded_Linux/assignment-1-Soha18'
[2025-01-10 21:47:41Z INFO HostContext] Well known config file 'Runner': '/home/soha/Documents/Coursera_embedded_Linux/assignment-1-Soha18/.runner'
[2025-01-10 21:47:41Z INFO Listener] Runner is built for Linux (X64) - linux-x64.
[2025-01-10 21:47:41Z INFO Listener] RuntimeInformation: Ubuntu 22.04.5 LTS.
[2025-01-10 21:47:41Z INFO Listener] Version: 2.321.0
[2025-01-10 21:47:41Z INFO Listener] Commit: e249007931b7c8e857797fa259c167f0bd4f997a
[2025-01-10 21:47:41Z INFO Listener] Culture: en-US
[2025-01-10 21:47:41Z INFO Listener] UI Culture: en-US
[2025-01-10 21:47:41Z INFO HostContext] Well known directory 'Bin': '/home/soha/Documents/Coursera_embedded_Linux/assignment-1-Soha18/bin'
[2025-01-10 21:47:41Z INFO HostContext] Well known directory 'Root': '/home/soha/Documents/Coursera_embedded_Linux/assignment-1-Soha18'
[2025-01-10 21:47:41Z INFO Listener] Validating directory permissions for: '/home/soha/Documents/Coursera_embedded_Linux/assignment-1-Soha18'
[2025-01-10 21:47:41Z INFO CommandLineParser] Parse
[2025-01-10 21:47:41Z INFO CommandLineParser] Parsing 1 args
[2025-01-10 21:47:41Z INFO CommandLineParser] parsing argument
[2025-01-10 21:47:41Z INFO CommandLineParser] HasArgs: False
[2025-01-10 21:47:41Z INFO CommandLineParser] Adding Command: run
[2025-01-10 21:47:41Z INFO Listener] Arguments parsed
[2025-01-10 21:47:41Z INFO Runner] ExecuteCommand
[2025-01-10 21:47:41Z INFO ConfigurationStore] currentAssemblyLocation: /home/soha/Documents/Coursera_embedded_Linux/assignment-1-Soha18/bin/Runner.Listener.dll
[2025-01-10 21:47:41Z INFO HostContext] Well known directory 'Bin': '/home/soha/Documents/Coursera_embedded_Linux/assignment-1-Soha18/bin'
[2025-01-10 21:47:41Z INFO ConfigurationStore] binPath: /home/soha/Documents/Coursera_embedded_Linux/assignment-1-Soha18/bin
[2025-01-10 21:47:41Z INFO HostContext] Well known directory 'Bin': '/home/soha/Documents/Coursera_embedded_Linux/assignment-1-Soha18/bin'
[2025-01-10 21:47:41Z INFO HostContext] Well known directory 'Root': '/home/soha/Documents/Coursera_embedded_Linux/assignment-1-Soha18'
[2025-01-10 21:47:41Z INFO ConfigurationStore] RootFolder: /home/soha/Documents/Coursera_embedded_Linux/assignment-1-Soha18
[2025-01-10 21:47:41Z INFO HostContext] Well known directory 'Bin': '/home/soha/Documents/Coursera_embedded_Linux/assignment-1-Soha18/bin'
[2025-01-10 21:47:41Z INFO HostContext] Well known directory 'Root': '/home/soha/Documents/Coursera_embedded_Linux/assignment-1-Soha18'
[2025-01-10 21:47:41Z INFO HostContext] Well known config file 'Runner': '/home/soha/Documents/Coursera_embedded_Linux/assignment-1-Soha18/.runner'
[2025-01-10 21:47:41Z INFO ConfigurationStore] ConfigFilePath: /home/soha/Documents/Coursera_embedded_Linux/assignment-1-Soha18/.runner
[2025-01-10 21:47:41Z INFO HostContext] Well known directory 'Bin': '/home/soha/Documents/Coursera_embedded_Linux/assignment-1-Soha18/bin'
[2025-01-10 21:47:41Z INFO HostContext] Well known directory 'Root': '/home/soha/Documents/Coursera_embedded_Linux/assignment-1-Soha18'
[2025-01-10 21:47:41Z INFO HostContext] Well known config file 'Credentials': '/home/soha/Documents/Coursera_embedded_Linux/assignment-1-Soha18/.credentials'
[2025-01-10 21:47:41Z INFO ConfigurationStore] CredFilePath: /home/soha/Documents/Coursera_embedded_Linux/assignment-1-Soha18/.credentials
[2025-01-10 21:47:41Z INFO HostContext] Well known directory 'Bin': '/home/soha/Documents/Coursera_embedded_Linux/assignment-1-Soha18/bin'
[2025-01-10 21:47:41Z INFO HostContext] Well known directory 'Root': '/home/soha/Documents/Coursera_embedded_Linux/assignment-1-Soha18'
[2025-01-10 21:47:41Z INFO HostContext] Well known config file 'MigratedCredentials': '/home/soha/Documents/Coursera_embedded_Linux/assignment-1-Soha18/.credentials_migrated'
[2025-01-10 21:47:41Z INFO ConfigurationStore] MigratedCredFilePath: /home/soha/Documents/Coursera_embedded_Linux/assignment-1-Soha18/.credentials_migrated
[2025-01-10 21:47:41Z INFO HostContext] Well known directory 'Bin': '/home/soha/Documents/Coursera_embedded_Linux/assignment-1-Soha18/bin'
[2025-01-10 21:47:41Z INFO HostContext] Well known directory 'Root': '/home/soha/Documents/Coursera_embedded_Linux/assignment-1-Soha18'
[2025-01-10 21:47:41Z INFO HostContext] Well known config file 'Service': '/home/soha/Documents/Coursera_embedded_Linux/assignment-1-Soha18/.service'
[2025-01-10 21:47:41Z INFO ConfigurationStore] ServiceConfigFilePath: /home/soha/Documents/Coursera_embedded_Linux/assignment-1-Soha18/.service
[2025-01-10 21:47:41Z INFO CommandSettings] Flag 'help': 'False'
[2025-01-10 21:47:41Z INFO CommandSettings] Flag 'version': 'False'
[2025-01-10 21:47:41Z INFO CommandSettings] Flag 'commit': 'False'
[2025-01-10 21:47:41Z INFO CommandSettings] Flag 'check': 'False'
[2025-01-10 21:47:41Z INFO CommandSettings] Command 'configure': 'False'
[2025-01-10 21:47:41Z INFO CommandSettings] Command 'remove': 'False'
[2025-01-10 21:47:41Z INFO CommandSettings] Command 'warmup': 'False'
[2025-01-10 21:47:41Z INFO ConfigurationManager] LoadSettings
[2025-01-10 21:47:41Z INFO ConfigurationStore] IsConfigured()
[2025-01-10 21:47:41Z INFO ConfigurationStore] IsConfigured: True
[2025-01-10 21:47:41Z INFO ConfigurationManager] Is configured: True
[2025-01-10 21:47:41Z INFO ConfigurationStore] Read setting file: 318 chars
[2025-01-10 21:47:41Z INFO ConfigurationManager] Settings Loaded
[2025-01-10 21:47:41Z INFO ConfigurationStore] IsServiceConfigured()
[2025-01-10 21:47:41Z INFO ConfigurationStore] IsServiceConfigured: False
[2025-01-10 21:47:41Z INFO CommandSettings] Command 'run': 'True'
[2025-01-10 21:47:41Z INFO ConfigurationStore] IsConfigured()
[2025-01-10 21:47:41Z INFO ConfigurationStore] IsConfigured: True
[2025-01-10 21:47:41Z INFO ConfigurationManager] Is configured: True
[2025-01-10 21:47:41Z INFO Runner] Could not parse the argument value '' for StartupType. Defaulting to Manual
[2025-01-10 21:47:41Z INFO Runner] Set runner startup type - Manual
[2025-01-10 21:47:41Z INFO CommandSettings] Flag 'once': 'False'
[2025-01-10 21:47:41Z INFO CommandSettings] Flag 'once': 'False'
[2025-01-10 21:47:41Z INFO Runner] RunAsync
[2025-01-10 21:47:41Z INFO ConfigurationManager] LoadSettings
[2025-01-10 21:47:41Z INFO ConfigurationStore] IsConfigured()
[2025-01-10 21:47:41Z INFO ConfigurationStore] IsConfigured: True
[2025-01-10 21:47:41Z INFO ConfigurationManager] Is configured: True
[2025-01-10 21:47:41Z INFO ConfigurationManager] Settings Loaded
[2025-01-10 21:47:41Z INFO MessageListener] {
  "AgentId": 2,
  "AgentName": "ubuntu-pc",
  "PoolId": 1,
  "PoolName": "Default",
  "ServerUrl": "https://pipelinesghubeus6.actions.githubusercontent.com/fXjzSAiqMEC131G0OvacU89rIivCVcWtZaRy79qdRum2gghDId/",
  "GitHubUrl": "https://github.com/cu-ecen-aeld/assignments-3-and-later-Soha18",
  "WorkFolder": "_work"
}
[2025-01-10 21:47:41Z INFO MessageListener] Loading Credentials
[2025-01-10 21:47:41Z INFO ConfigurationStore] HasCredentials()
[2025-01-10 21:47:41Z INFO ConfigurationStore] stored True
[2025-01-10 21:47:41Z INFO CredentialManager] GetCredentialProvider
[2025-01-10 21:47:41Z INFO CredentialManager] Creating type OAuth
[2025-01-10 21:47:41Z INFO CredentialManager] Creating credential type: OAuth
[2025-01-10 21:47:41Z INFO HostContext] Well known directory 'Bin': '/home/soha/Documents/Coursera_embedded_Linux/assignment-1-Soha18/bin'
[2025-01-10 21:47:41Z INFO HostContext] Well known directory 'Root': '/home/soha/Documents/Coursera_embedded_Linux/assignment-1-Soha18'
[2025-01-10 21:47:41Z INFO HostContext] Well known config file 'RSACredentials': '/home/soha/Documents/Coursera_embedded_Linux/assignment-1-Soha18/.credentials_rsaparams'
[2025-01-10 21:47:41Z INFO RSAFileKeyManager] Loading RSA key parameters from file /home/soha/Documents/Coursera_embedded_Linux/assignment-1-Soha18/.credentials_rsaparams
[2025-01-10 21:47:41Z INFO MessageListener] Attempt to create session.
[2025-01-10 21:47:41Z INFO MessageListener] Connecting to the Runner Server...
[2025-01-10 21:47:41Z INFO RunnerServer] EstablishVssConnection
[2025-01-10 21:47:41Z INFO RunnerServer] Establish connection with 100 seconds timeout.
[2025-01-10 21:47:41Z INFO GitHubActionsService] Starting operation Location.GetConnectionData
[2025-01-10 21:47:41Z INFO RunnerServer] EstablishVssConnection
[2025-01-10 21:47:41Z INFO RunnerServer] Establish connection with 60 seconds timeout.
[2025-01-10 21:47:41Z INFO GitHubActionsService] Starting operation Location.GetConnectionData
[2025-01-10 21:47:41Z INFO RunnerServer] EstablishVssConnection
[2025-01-10 21:47:41Z INFO RunnerServer] Establish connection with 60 seconds timeout.
[2025-01-10 21:47:41Z INFO GitHubActionsService] Starting operation Location.GetConnectionData
[2025-01-10 21:47:42Z INFO GitHubActionsService] Finished operation Location.GetConnectionData
[2025-01-10 21:47:43Z INFO GitHubActionsService] Finished operation Location.GetConnectionData
[2025-01-10 21:47:43Z INFO GitHubActionsService] Finished operation Location.GetConnectionData
[2025-01-10 21:47:43Z INFO MessageListener] VssConnection created
[2025-01-10 21:47:43Z INFO Terminal] WRITE LINE: 
[2025-01-10 21:47:43Z INFO Terminal] WRITE LINE: 
[2025-01-10 21:47:43Z INFO RSAFileKeyManager] Loading RSA key parameters from file /home/soha/Documents/Coursera_embedded_Linux/assignment-1-Soha18/.credentials_rsaparams
[2025-01-10 21:47:43Z INFO RSAFileKeyManager] Loading RSA key parameters from file /home/soha/Documents/Coursera_embedded_Linux/assignment-1-Soha18/.credentials_rsaparams
[2025-01-10 21:47:44Z ERR  GitHubActionsService] POST request to https://tokenghub.actions.githubusercontent.com/_apis/oauth2/token/1d7a9b76-05dc-4552-a61b-537f87cf7905 failed. HTTP Status: BadRequest
[2025-01-10 21:47:44Z INFO GitHubActionsService] AAD Correlation ID for this token request: Unknown
[2025-01-10 21:47:44Z ERR  MessageListener] Catch exception during create session.
[2025-01-10 21:47:44Z ERR  MessageListener] GitHub.Services.OAuth.VssOAuthTokenRequestException: The signature is not valid.
   at GitHub.Services.OAuth.VssOAuthTokenProvider.OnGetTokenAsync(IssuedToken failedToken, CancellationToken cancellationToken)
   at GitHub.Services.Common.IssuedTokenProvider.GetTokenOperation.GetTokenAsync(VssTraceActivity traceActivity)
   at GitHub.Services.Common.IssuedTokenProvider.GetTokenAsync(IssuedToken failedToken, CancellationToken cancellationToken)
   at GitHub.Services.Common.VssHttpMessageHandler.SendAsync(HttpRequestMessage request, CancellationToken cancellationToken)
   at GitHub.Services.Common.VssHttpRetryMessageHandler.SendAsync(HttpRequestMessage request, CancellationToken cancellationToken)
   at System.Net.Http.HttpClient.<SendAsync>g__Core|83_0(HttpRequestMessage request, HttpCompletionOption completionOption, CancellationTokenSource cts, Boolean disposeCts, CancellationTokenSource pendingRequestsCts, CancellationToken originalCancellationToken)
   at GitHub.Services.WebApi.VssHttpClientBase.SendAsync(HttpRequestMessage message, HttpCompletionOption completionOption, Object userState, CancellationToken cancellationToken)
   at GitHub.Services.WebApi.VssHttpClientBase.SendAsync[T](HttpRequestMessage message, Object userState, CancellationToken cancellationToken)
   at GitHub.Services.WebApi.VssHttpClientBase.SendAsync[T](HttpMethod method, IEnumerable`1 additionalHeaders, Guid locationId, Object routeValues, ApiResourceVersion version, HttpContent content, IEnumerable`1 queryParameters, Object userState, CancellationToken cancellationToken)
   at GitHub.Runner.Listener.MessageListener.CreateSessionAsync(CancellationToken token)
[2025-01-10 21:47:44Z ERR  Terminal] WRITE ERROR: Failed to create a session. The runner registration has been deleted from the server, please re-configure. Runner registrations are automatically deleted for runners that have not connected to the service recently.
[2025-01-10 21:47:44Z INFO Listener] Runner execution has finished with return code 1
