[2025-01-10 16:15:10Z INFO HostContext] No proxy settings were found based on environmental variables (http_proxy/https_proxy/HTTP_PROXY/HTTPS_PROXY)
[2025-01-10 16:15:10Z INFO HostContext] Well known directory 'Bin': '/home/soha/Documents/Coursera_embedded_Linux/assignment-1-Soha18/actions-runner/bin'
[2025-01-10 16:15:10Z INFO HostContext] Well known directory 'Root': '/home/soha/Documents/Coursera_embedded_Linux/assignment-1-Soha18/actions-runner'
[2025-01-10 16:15:10Z INFO HostContext] Well known config file 'Credentials': '/home/soha/Documents/Coursera_embedded_Linux/assignment-1-Soha18/actions-runner/.credentials'
[2025-01-10 16:15:11Z INFO HostContext] Well known directory 'Bin': '/home/soha/Documents/Coursera_embedded_Linux/assignment-1-Soha18/actions-runner/bin'
[2025-01-10 16:15:11Z INFO HostContext] Well known directory 'Root': '/home/soha/Documents/Coursera_embedded_Linux/assignment-1-Soha18/actions-runner'
[2025-01-10 16:15:11Z INFO HostContext] Well known config file 'Runner': '/home/soha/Documents/Coursera_embedded_Linux/assignment-1-Soha18/actions-runner/.runner'
[2025-01-10 16:15:11Z INFO Listener] Runner is built for Linux (X64) - linux-x64.
[2025-01-10 16:15:11Z INFO Listener] RuntimeInformation: Ubuntu 22.04.5 LTS.
[2025-01-10 16:15:11Z INFO Listener] Version: 2.321.0
[2025-01-10 16:15:11Z INFO Listener] Commit: e249007931b7c8e857797fa259c167f0bd4f997a
[2025-01-10 16:15:11Z INFO Listener] Culture: en-US
[2025-01-10 16:15:11Z INFO Listener] UI Culture: en-US
[2025-01-10 16:15:11Z INFO HostContext] Well known directory 'Bin': '/home/soha/Documents/Coursera_embedded_Linux/assignment-1-Soha18/actions-runner/bin'
[2025-01-10 16:15:11Z INFO HostContext] Well known directory 'Root': '/home/soha/Documents/Coursera_embedded_Linux/assignment-1-Soha18/actions-runner'
[2025-01-10 16:15:11Z INFO Listener] Validating directory permissions for: '/home/soha/Documents/Coursera_embedded_Linux/assignment-1-Soha18/actions-runner'
[2025-01-10 16:15:11Z INFO CommandLineParser] Parse
[2025-01-10 16:15:11Z INFO CommandLineParser] Parsing 1 args
[2025-01-10 16:15:11Z INFO CommandLineParser] parsing argument
[2025-01-10 16:15:11Z INFO CommandLineParser] HasArgs: False
[2025-01-10 16:15:11Z INFO CommandLineParser] Adding Command: run
[2025-01-10 16:15:11Z INFO Listener] Arguments parsed
[2025-01-10 16:15:11Z INFO Runner] ExecuteCommand
[2025-01-10 16:15:11Z INFO ConfigurationStore] currentAssemblyLocation: /home/soha/Documents/Coursera_embedded_Linux/assignment-1-Soha18/actions-runner/bin/Runner.Listener.dll
[2025-01-10 16:15:11Z INFO HostContext] Well known directory 'Bin': '/home/soha/Documents/Coursera_embedded_Linux/assignment-1-Soha18/actions-runner/bin'
[2025-01-10 16:15:11Z INFO ConfigurationStore] binPath: /home/soha/Documents/Coursera_embedded_Linux/assignment-1-Soha18/actions-runner/bin
[2025-01-10 16:15:11Z INFO HostContext] Well known directory 'Bin': '/home/soha/Documents/Coursera_embedded_Linux/assignment-1-Soha18/actions-runner/bin'
[2025-01-10 16:15:11Z INFO HostContext] Well known directory 'Root': '/home/soha/Documents/Coursera_embedded_Linux/assignment-1-Soha18/actions-runner'
[2025-01-10 16:15:11Z INFO ConfigurationStore] RootFolder: /home/soha/Documents/Coursera_embedded_Linux/assignment-1-Soha18/actions-runner
[2025-01-10 16:15:11Z INFO HostContext] Well known directory 'Bin': '/home/soha/Documents/Coursera_embedded_Linux/assignment-1-Soha18/actions-runner/bin'
[2025-01-10 16:15:11Z INFO HostContext] Well known directory 'Root': '/home/soha/Documents/Coursera_embedded_Linux/assignment-1-Soha18/actions-runner'
[2025-01-10 16:15:11Z INFO HostContext] Well known config file 'Runner': '/home/soha/Documents/Coursera_embedded_Linux/assignment-1-Soha18/actions-runner/.runner'
[2025-01-10 16:15:11Z INFO ConfigurationStore] ConfigFilePath: /home/soha/Documents/Coursera_embedded_Linux/assignment-1-Soha18/actions-runner/.runner
[2025-01-10 16:15:11Z INFO HostContext] Well known directory 'Bin': '/home/soha/Documents/Coursera_embedded_Linux/assignment-1-Soha18/actions-runner/bin'
[2025-01-10 16:15:11Z INFO HostContext] Well known directory 'Root': '/home/soha/Documents/Coursera_embedded_Linux/assignment-1-Soha18/actions-runner'
[2025-01-10 16:15:11Z INFO HostContext] Well known config file 'Credentials': '/home/soha/Documents/Coursera_embedded_Linux/assignment-1-Soha18/actions-runner/.credentials'
[2025-01-10 16:15:11Z INFO ConfigurationStore] CredFilePath: /home/soha/Documents/Coursera_embedded_Linux/assignment-1-Soha18/actions-runner/.credentials
[2025-01-10 16:15:11Z INFO HostContext] Well known directory 'Bin': '/home/soha/Documents/Coursera_embedded_Linux/assignment-1-Soha18/actions-runner/bin'
[2025-01-10 16:15:11Z INFO HostContext] Well known directory 'Root': '/home/soha/Documents/Coursera_embedded_Linux/assignment-1-Soha18/actions-runner'
[2025-01-10 16:15:11Z INFO HostContext] Well known config file 'MigratedCredentials': '/home/soha/Documents/Coursera_embedded_Linux/assignment-1-Soha18/actions-runner/.credentials_migrated'
[2025-01-10 16:15:11Z INFO ConfigurationStore] MigratedCredFilePath: /home/soha/Documents/Coursera_embedded_Linux/assignment-1-Soha18/actions-runner/.credentials_migrated
[2025-01-10 16:15:11Z INFO HostContext] Well known directory 'Bin': '/home/soha/Documents/Coursera_embedded_Linux/assignment-1-Soha18/actions-runner/bin'
[2025-01-10 16:15:11Z INFO HostContext] Well known directory 'Root': '/home/soha/Documents/Coursera_embedded_Linux/assignment-1-Soha18/actions-runner'
[2025-01-10 16:15:11Z INFO HostContext] Well known config file 'Service': '/home/soha/Documents/Coursera_embedded_Linux/assignment-1-Soha18/actions-runner/.service'
[2025-01-10 16:15:11Z INFO ConfigurationStore] ServiceConfigFilePath: /home/soha/Documents/Coursera_embedded_Linux/assignment-1-Soha18/actions-runner/.service
[2025-01-10 16:15:11Z INFO CommandSettings] Flag 'help': 'False'
[2025-01-10 16:15:11Z INFO CommandSettings] Flag 'version': 'False'
[2025-01-10 16:15:11Z INFO CommandSettings] Flag 'commit': 'False'
[2025-01-10 16:15:11Z INFO CommandSettings] Flag 'check': 'False'
[2025-01-10 16:15:11Z INFO CommandSettings] Command 'configure': 'False'
[2025-01-10 16:15:11Z INFO CommandSettings] Command 'remove': 'False'
[2025-01-10 16:15:11Z INFO CommandSettings] Command 'warmup': 'False'
[2025-01-10 16:15:11Z INFO ConfigurationManager] LoadSettings
[2025-01-10 16:15:11Z INFO ConfigurationStore] IsConfigured()
[2025-01-10 16:15:11Z INFO ConfigurationStore] IsConfigured: True
[2025-01-10 16:15:11Z INFO ConfigurationManager] Is configured: True
[2025-01-10 16:15:11Z INFO ConfigurationStore] Read setting file: 308 chars
[2025-01-10 16:15:11Z INFO ConfigurationManager] Settings Loaded
[2025-01-10 16:15:11Z INFO ConfigurationStore] IsServiceConfigured()
[2025-01-10 16:15:11Z INFO ConfigurationStore] IsServiceConfigured: False
[2025-01-10 16:15:11Z INFO CommandSettings] Command 'run': 'True'
[2025-01-10 16:15:11Z INFO ConfigurationStore] IsConfigured()
[2025-01-10 16:15:11Z INFO ConfigurationStore] IsConfigured: True
[2025-01-10 16:15:11Z INFO ConfigurationManager] Is configured: True
[2025-01-10 16:15:11Z INFO Runner] Could not parse the argument value '' for StartupType. Defaulting to Manual
[2025-01-10 16:15:11Z INFO Runner] Set runner startup type - Manual
[2025-01-10 16:15:11Z INFO CommandSettings] Flag 'once': 'False'
[2025-01-10 16:15:11Z INFO CommandSettings] Flag 'once': 'False'
[2025-01-10 16:15:11Z INFO Runner] RunAsync
[2025-01-10 16:15:11Z INFO ConfigurationManager] LoadSettings
[2025-01-10 16:15:11Z INFO ConfigurationStore] IsConfigured()
[2025-01-10 16:15:11Z INFO ConfigurationStore] IsConfigured: True
[2025-01-10 16:15:11Z INFO ConfigurationManager] Is configured: True
[2025-01-10 16:15:11Z INFO ConfigurationManager] Settings Loaded
[2025-01-10 16:15:11Z INFO MessageListener] {
  "AgentId": 21,
  "AgentName": "ubuntu-pc",
  "PoolId": 1,
  "PoolName": "Default",
  "ServerUrl": "https://pipelinesghubeus3.actions.githubusercontent.com/kx9mDwBKW3VL6jIfUfTDLxlYQT43T3ApbzSXrntGqcflKKI3kf/",
  "GitHubUrl": "https://github.com/cu-ecen-aeld/assignment-2-Soha18",
  "WorkFolder": "_work"
}
[2025-01-10 16:15:11Z INFO MessageListener] Loading Credentials
[2025-01-10 16:15:11Z INFO ConfigurationStore] HasCredentials()
[2025-01-10 16:15:11Z INFO ConfigurationStore] stored True
[2025-01-10 16:15:11Z INFO CredentialManager] GetCredentialProvider
[2025-01-10 16:15:11Z INFO CredentialManager] Creating type OAuth
[2025-01-10 16:15:11Z INFO CredentialManager] Creating credential type: OAuth
[2025-01-10 16:15:11Z INFO HostContext] Well known directory 'Bin': '/home/soha/Documents/Coursera_embedded_Linux/assignment-1-Soha18/actions-runner/bin'
[2025-01-10 16:15:11Z INFO HostContext] Well known directory 'Root': '/home/soha/Documents/Coursera_embedded_Linux/assignment-1-Soha18/actions-runner'
[2025-01-10 16:15:11Z INFO HostContext] Well known config file 'RSACredentials': '/home/soha/Documents/Coursera_embedded_Linux/assignment-1-Soha18/actions-runner/.credentials_rsaparams'
[2025-01-10 16:15:11Z INFO RSAFileKeyManager] Loading RSA key parameters from file /home/soha/Documents/Coursera_embedded_Linux/assignment-1-Soha18/actions-runner/.credentials_rsaparams
[2025-01-10 16:15:11Z INFO MessageListener] Attempt to create session.
[2025-01-10 16:15:11Z INFO MessageListener] Connecting to the Runner Server...
[2025-01-10 16:15:11Z INFO RunnerServer] EstablishVssConnection
[2025-01-10 16:15:11Z INFO RunnerServer] Establish connection with 100 seconds timeout.
[2025-01-10 16:15:11Z INFO GitHubActionsService] Starting operation Location.GetConnectionData
[2025-01-10 16:15:11Z INFO RunnerServer] EstablishVssConnection
[2025-01-10 16:15:11Z INFO RunnerServer] Establish connection with 60 seconds timeout.
[2025-01-10 16:15:11Z INFO GitHubActionsService] Starting operation Location.GetConnectionData
[2025-01-10 16:15:11Z INFO RunnerServer] EstablishVssConnection
[2025-01-10 16:15:11Z INFO RunnerServer] Establish connection with 60 seconds timeout.
[2025-01-10 16:15:11Z INFO GitHubActionsService] Starting operation Location.GetConnectionData
[2025-01-10 16:15:12Z INFO GitHubActionsService] Finished operation Location.GetConnectionData
[2025-01-10 16:15:12Z INFO GitHubActionsService] Finished operation Location.GetConnectionData
[2025-01-10 16:15:12Z INFO GitHubActionsService] Finished operation Location.GetConnectionData
[2025-01-10 16:15:12Z INFO MessageListener] VssConnection created
[2025-01-10 16:15:12Z INFO Terminal] WRITE LINE: 
[2025-01-10 16:15:12Z INFO Terminal] WRITE LINE: 
[2025-01-10 16:15:12Z INFO RSAFileKeyManager] Loading RSA key parameters from file /home/soha/Documents/Coursera_embedded_Linux/assignment-1-Soha18/actions-runner/.credentials_rsaparams
[2025-01-10 16:15:12Z INFO RSAFileKeyManager] Loading RSA key parameters from file /home/soha/Documents/Coursera_embedded_Linux/assignment-1-Soha18/actions-runner/.credentials_rsaparams
[2025-01-10 16:15:13Z INFO GitHubActionsService] AAD Correlation ID for this token request: Unknown
[2025-01-10 16:15:13Z INFO MessageListener] Session created.
[2025-01-10 16:15:13Z INFO Terminal] WRITE LINE: Current runner version: '2.321.0'
[2025-01-10 16:15:13Z INFO Terminal] WRITE LINE: 2025-01-10 16:15:13Z: Listening for Jobs
[2025-01-10 16:15:13Z INFO JobDispatcher] Set runner/worker IPC timeout to 30 seconds.
[2025-01-10 16:15:14Z INFO RSAFileKeyManager] Loading RSA key parameters from file /home/soha/Documents/Coursera_embedded_Linux/assignment-1-Soha18/actions-runner/.credentials_rsaparams
[2025-01-10 16:15:14Z INFO GitHubActionsService] AAD Correlation ID for this token request: Unknown
[2025-01-10 16:45:32Z INFO MessageListener] No message retrieved from session '5d721cbb-13a4-4efe-98f2-e299ccca5416' within last 30 minutes.
[2025-01-10 17:05:46Z INFO RSAFileKeyManager] Loading RSA key parameters from file /home/soha/Documents/Coursera_embedded_Linux/assignment-1-Soha18/actions-runner/.credentials_rsaparams
[2025-01-10 17:05:47Z INFO GitHubActionsService] AAD Correlation ID for this token request: Unknown
[2025-01-10 17:10:50Z INFO RSAFileKeyManager] Loading RSA key parameters from file /home/soha/Documents/Coursera_embedded_Linux/assignment-1-Soha18/actions-runner/.credentials_rsaparams
[2025-01-10 17:10:51Z INFO GitHubActionsService] AAD Correlation ID for this token request: Unknown
[2025-01-10 17:15:54Z INFO MessageListener] No message retrieved from session '5d721cbb-13a4-4efe-98f2-e299ccca5416' within last 30 minutes.
[2025-01-10 17:46:12Z INFO MessageListener] No message retrieved from session '5d721cbb-13a4-4efe-98f2-e299ccca5416' within last 30 minutes.
[2025-01-10 17:56:18Z INFO RSAFileKeyManager] Loading RSA key parameters from file /home/soha/Documents/Coursera_embedded_Linux/assignment-1-Soha18/actions-runner/.credentials_rsaparams
[2025-01-10 17:56:19Z INFO GitHubActionsService] AAD Correlation ID for this token request: Unknown
[2025-01-10 18:06:25Z INFO RSAFileKeyManager] Loading RSA key parameters from file /home/soha/Documents/Coursera_embedded_Linux/assignment-1-Soha18/actions-runner/.credentials_rsaparams
[2025-01-10 18:06:31Z INFO GitHubActionsService] AAD Correlation ID for this token request: Unknown
[2025-01-10 18:06:31Z WARN GitHubActionsService] Retrieving an AAD auth token took a long time (6.0185452 seconds)
[2025-01-10 18:16:37Z INFO MessageListener] No message retrieved from session '5d721cbb-13a4-4efe-98f2-e299ccca5416' within last 30 minutes.
[2025-01-10 18:46:56Z INFO MessageListener] No message retrieved from session '5d721cbb-13a4-4efe-98f2-e299ccca5416' within last 30 minutes.
[2025-01-10 18:46:56Z INFO RSAFileKeyManager] Loading RSA key parameters from file /home/soha/Documents/Coursera_embedded_Linux/assignment-1-Soha18/actions-runner/.credentials_rsaparams
[2025-01-10 18:46:57Z INFO GitHubActionsService] AAD Correlation ID for this token request: Unknown
[2025-01-10 19:02:06Z INFO RSAFileKeyManager] Loading RSA key parameters from file /home/soha/Documents/Coursera_embedded_Linux/assignment-1-Soha18/actions-runner/.credentials_rsaparams
[2025-01-10 19:02:12Z INFO GitHubActionsService] AAD Correlation ID for this token request: Unknown
[2025-01-10 19:02:12Z WARN GitHubActionsService] Retrieving an AAD auth token took a long time (5.9405707 seconds)
[2025-01-10 19:17:21Z INFO MessageListener] No message retrieved from session '5d721cbb-13a4-4efe-98f2-e299ccca5416' within last 30 minutes.
[2025-01-10 19:37:34Z INFO RSAFileKeyManager] Loading RSA key parameters from file /home/soha/Documents/Coursera_embedded_Linux/assignment-1-Soha18/actions-runner/.credentials_rsaparams
[2025-01-10 19:37:35Z INFO GitHubActionsService] AAD Correlation ID for this token request: Unknown
[2025-01-10 19:47:41Z INFO MessageListener] No message retrieved from session '5d721cbb-13a4-4efe-98f2-e299ccca5416' within last 30 minutes.
[2025-01-10 19:57:48Z INFO RSAFileKeyManager] Loading RSA key parameters from file /home/soha/Documents/Coursera_embedded_Linux/assignment-1-Soha18/actions-runner/.credentials_rsaparams
[2025-01-10 19:57:54Z INFO GitHubActionsService] AAD Correlation ID for this token request: Unknown
[2025-01-10 19:57:54Z WARN GitHubActionsService] Retrieving an AAD auth token took a long time (5.9395702 seconds)
